✓ 日志文件已开启: log_20241221_153056.log
[2024-12-21 15:31:03.258]
TX:
68170003050605040302011067670501004000020000561f16
帧名称: Frame_1
行号: 1
[2024-12-21 15:31:03.647]
RX:
682100c305060504030201106b2385010040000200011c07e80c150f1f030000967c16
[2024-12-21 15:31:03.649]
TX:
68170003050605040302011067670501004000020000561f16
帧名称: Frame_2
行号: 2
[2024-12-21 15:31:04.048]
RX:
682100c305060504030201106b2385010040000200011c07e80c150f1f030000967c16
[2024-12-21 15:31:04.995]
TX:
68170003050605040302011067670501004000020000561f16
帧名称: Frame_1
行号: 1
[2024-12-21 15:31:05.354]
RX:
682100c305060504030201106b2385010040000200011c07e80c150f1f0500004faa16
[2024-12-21 15:31:05.356]
TX:
68170003050605040302011067670501004000020000561f16
帧名称: Frame_2
行号: 2
[2024-12-21 15:31:05.756]
RX:
682100c305060504030201106b2385010040000200011c07e80c150f1f0500004faa16
[2024-12-21 15:31:07.946]
TX:
68170003050605040302011067670501004000020000561f16
帧名称: Frame_1
行号: 1
[2024-12-21 15:31:08.265]
RX:
682100c305060504030201106b2385010040000200011c07e80c150f1f080000305516
[2024-12-21 15:31:08.269]
TX:
68170003050605040302011067670501004000020000561f16
帧名称: Frame_2
行号: 2
[2024-12-21 15:31:08.667]
RX:
682100c305060504030201106b2385010040000200011c07e80c150f1f080000305516
[2024-12-21 15:31:09.905]
TX:
68170003050605040302011067670501004000020000561f16
帧名称: Frame_1
行号: 1
[2024-12-21 15:31:10.273]
RX:
682100c305060504030201106b2385010040000200011c07e80c150f1f0a000088e016
[2024-12-21 15:31:10.276]
TX:
68170003050605040302011067670501004000020000561f16
帧名称: Frame_2
行号: 2
[2024-12-21 15:31:10.674]
RX:
682100c305060504030201106b2385010040000200011c07e80c150f1f0a000088e016
[2024-12-21 15:31:14.214]
TX:
68170003050605040302011067670501004000020000561f16
帧名称: Frame_1
行号: 1
[2024-12-21 15:31:14.589]
RX:
682100c305060504030201106b2385010040000200011c07e80c150f1f0e0000e98316
[2024-12-21 15:31:14.592]
TX:
68170003050605040302011067670501004000020000561f16
帧名称: Frame_2
行号: 2
[2024-12-21 15:31:14.991]
RX:
682100c305060504030201106b2385010040000200011c07e80c150f1f0e0000e98316
[2024-12-21 15:31:26.231]
TX:
68170003050605040302011067670501004000020000561f16
帧名称: Frame_1
行号: 1
超时设置: 1000ms
[2024-12-21 15:31:26.565]
RX:
682100c305060504030201106b2385010040000200011c07e80c150f1f1a00001d6516
[2024-12-21 15:31:27.338]
TX:
68170003050605040302011067670501004000020000561f16
帧名称: Frame_2
行号: 2
超时设置: 1000ms
[2024-12-21 15:31:27.668]
RX:
682100c305060504030201106b2385010040000200011c07e80c150f1f1b0000c13f16
