✓ 日志文件已开启: 分不是_20241221_152705.log
[2024-12-21 15:27:21.131]
TX:
68170003050605040302011067670501004000020000561f16
帧名称: Frame_1
行号: 1
[2024-12-21 15:27:21.583]
RX:
682100c305060504030201106b2385010040000200011c07e80c150f1b150000365d16
[2024-12-21 15:27:21.592]
TX:
68170003050605040302011067670501004000020000561f16
帧名称: Frame_2
行号: 2
[2024-12-21 15:27:21.989]
RX:
682100c305060504030201106b2385010040000200011c07e80c150f1b150000365d16
[2024-12-21 15:27:24.099]
TX:
68170003050605040302011067670501004000020000561f16
帧名称: Frame_1
行号: 1
[2024-12-21 15:27:24.496]
RX:
682100c305060504030201106b2385010040000200011c07e80c150f1b18000049a216
[2024-12-21 15:27:24.497]
TX:
68170003050605040302011067670501004000020000561f16
帧名称: Frame_2
行号: 2
[2024-12-21 15:27:24.898]
RX:
682100c305060504030201106b2385010040000200011c07e80c150f1b18000049a216
[2024-12-21 15:27:26.085]
TX:
68170003050605040302011067670501004000020000561f16
帧名称: Frame_1
行号: 1
[2024-12-21 15:27:26.405]
RX:
682100c305060504030201106b2385010040000200011c07e80c150f1b1a0000f11716
[2024-12-21 15:27:26.410]
TX:
68170003050605040302011067670501004000020000561f16
帧名称: Frame_2
行号: 2
[2024-12-21 15:27:26.807]
RX:
682100c305060504030201106b2385010040000200011c07e80c150f1b1a0000f11716
[2024-12-21 15:27:27.242]
TX:
68170003050605040302011067670501004000020000561f16
帧名称: Frame_1
行号: 1
[2024-12-21 15:27:27.612]
RX:
682100c305060504030201106b2385010040000200011c07e80c150f1b1b00002d4d16
[2024-12-21 15:27:27.615]
TX:
68170003050605040302011067670501004000020000561f16
帧名称: Frame_2
行号: 2
[2024-12-21 15:27:28.012]
RX:
682100c305060504030201106b2385010040000200011c07e80c150f1b1b00002d4d16
[2024-12-21 15:27:28.421]
TX:
68170003050605040302011067670501004000020000561f16
帧名称: Frame_1
行号: 1
[2024-12-21 15:27:28.815]
RX:
682100c305060504030201106b2385010040000200011c07e80c150f1b1c000028c116
[2024-12-21 15:27:28.818]
TX:
68170003050605040302011067670501004000020000561f16
帧名称: Frame_2
行号: 2
[2024-12-21 15:27:29.217]
RX:
682100c305060504030201106b2385010040000200011c07e80c150f1b1d0000f49b16
[2024-12-21 15:27:29.795]
TX:
68170003050605040302011067670501004000020000561f16
帧名称: Frame_1
行号: 1
[2024-12-21 15:27:30.121]
RX:
682100c305060504030201106b2385010040000200011c07e80c150f1b1d0000f49b16
[2024-12-21 15:27:30.123]
TX:
68170003050605040302011067670501004000020000561f16
帧名称: Frame_2
行号: 2
[2024-12-21 15:27:30.522]
RX:
682100c305060504030201106b2385010040000200011c07e80c150f1b1e0000907416
[2024-12-21 15:27:31.055]
TX:
68170003050605040302011067670501004000020000561f16
帧名称: Frame_1
行号: 1
[2024-12-21 15:27:31.425]
RX:
682100c305060504030201106b2385010040000200011c07e80c150f1b1f00004c2e16
[2024-12-21 15:27:31.428]
TX:
68170003050605040302011067670501004000020000561f16
帧名称: Frame_2
行号: 2
[2024-12-21 15:27:31.828]
RX:
682100c305060504030201106b2385010040000200011c07e80c150f1b1f00004c2e16
[2024-12-21 15:27:32.811]
TX:
68170003050605040302011067670501004000020000561f16
帧名称: Frame_1
行号: 1
[2024-12-21 15:27:33.233]
RX:
682100c305060504030201106b2385010040000200011c07e80c150f1b210000f9b816
[2024-12-21 15:27:33.238]
TX:
68170003050605040302011067670501004000020000561f16
帧名称: Frame_2
行号: 2
[2024-12-21 15:27:33.635]
RX:
682100c305060504030201106b2385010040000200011c07e80c150f1b210000f9b816
[2024-12-21 15:28:27.842]
TX:
68170003050605040302011067670501004000020000561f16
帧名称: Frame_1
行号: 1
[2024-12-21 15:28:28.202]
RX:
682100c305060504030201106b2385010040000200011c07e80c150f1c1c0000099616
[2024-12-21 15:28:28.204]
TX:
68170003050605040302011067670501004000020000561f16
帧名称: Frame_2
行号: 2
[2024-12-21 15:28:28.603]
RX:
682100c305060504030201106b2385010040000200011c07e80c150f1c1c0000099616
