
            
                ✓ 日志文件已开启: 分布式_20241221_152122.log
            
            

            
                [2024-12-21 15:21:27.552]
                TX: 
                68170003050605040302011067670501004000020000561f16
                
                帧名称: Frame_1
                行号: 1
            
            

            
                [2024-12-21 15:21:27.956]
                RX: 
                682100c305060504030201106b2385010040000200011c07e80c150f151b00006fe316
            
            

            
                [2024-12-21 15:21:27.960]
                TX: 
                68170003050605040302011067670501004000020000561f16
                
                帧名称: Frame_2
                行号: 2
            
            

            
                [2024-12-21 15:21:28.358]
                RX: 
                682100c305060504030201106b2385010040000200011c07e80c150f151c00006a6f16
            
            

            
                [2024-12-21 15:21:30.227]
                TX: 
                68170003050605040302011067670501004000020000561f16
                
                帧名称: Frame_1
                行号: 1
            
            

            
                [2024-12-21 15:21:30.566]
                RX: 
                682100c305060504030201106b2385010040000200011c07e80c150f151e0000d2da16
            
            

            
                [2024-12-21 15:21:30.572]
                TX: 
                68170003050605040302011067670501004000020000561f16
                
                帧名称: Frame_2
                行号: 2
            
            

            
                [2024-12-21 15:21:30.969]
                RX: 
                682100c305060504030201106b2385010040000200011c07e80c150f151e0000d2da16
            
            

            
                [2024-12-21 15:21:31.727]
                TX: 
                68170003050605040302011067670501004000020000561f16
                
                帧名称: Frame_1
                行号: 1
            
            

            
                [2024-12-21 15:21:32.074]
                RX: 
                682100c305060504030201106b2385010040000200011c07e80c150f151f00000e8016
            
            

            
                [2024-12-21 15:21:32.076]
                TX: 
                68170003050605040302011067670501004000020000561f16
                
                帧名称: Frame_2
                行号: 2
            
            

            
                [2024-12-21 15:21:32.476]
                RX: 
                682100c305060504030201106b2385010040000200011c07e80c150f15200000674c16
            
            

            
                [2024-12-21 15:21:32.950]
                TX: 
                68170003050605040302011067670501004000020000561f16
                
                帧名称: Frame_1
                行号: 1
            
            

            
                [2024-12-21 15:21:33.279]
                RX: 
                682100c305060504030201106b2385010040000200011c07e80c150f15210000bb1616
            
            

            
                [2024-12-21 15:21:33.280]
                TX: 
                68170003050605040302011067670501004000020000561f16
                
                帧名称: Frame_2
                行号: 2
            
            

            
                [2024-12-21 15:21:33.680]
                RX: 
                682100c305060504030201106b2385010040000200011c07e80c150f15210000bb1616
            
            

            
                [2024-12-21 15:21:34.130]
                TX: 
                68170003050605040302011067670501004000020000561f16
                
                帧名称: Frame_1
                行号: 1
            
            

            
                [2024-12-21 15:21:34.484]
                RX: 
                682100c305060504030201106b2385010040000200011c07e80c150f15220000dff916
            
            

            
                [2024-12-21 15:21:34.490]
                TX: 
                68170003050605040302011067670501004000020000561f16
                
                帧名称: Frame_2
                行号: 2
            
            

            
                [2024-12-21 15:21:34.885]
                RX: 
                682100c305060504030201106b2385010040000200011c07e80c150f15220000dff916
            
            

            
                [2024-12-21 15:21:35.356]
                TX: 
                68170003050605040302011067670501004000020000561f16
                
                帧名称: Frame_1
                行号: 1
            
            

            
                [2024-12-21 15:21:35.691]
                RX: 
                682100c305060504030201106b2385010040000200011c07e80c150f1523000003a316
            
            

            
                [2024-12-21 15:21:35.694]
                TX: 
                68170003050605040302011067670501004000020000561f16
                
                帧名称: Frame_2
                行号: 2
            
            

            
                [2024-12-21 15:21:36.091]
                RX: 
                682100c305060504030201106b2385010040000200011c07e80c150f1523000003a316
            
            

            
                [2024-12-21 15:21:36.499]
                TX: 
                68170003050605040302011067670501004000020000561f16
                
                帧名称: Frame_1
                行号: 1
            
            

            
                [2024-12-21 15:21:36.894]
                RX: 
                682100c305060504030201106b2385010040000200011c07e80c150f15240000062f16
            
            

            
                [2024-12-21 15:21:36.897]
                TX: 
                68170003050605040302011067670501004000020000561f16
                
                帧名称: Frame_2
                行号: 2
            
            

            
                [2024-12-21 15:21:37.296]
                RX: 
                682100c305060504030201106b2385010040000200011c07e80c150f15250000da7516
            
            

            
                [2024-12-21 15:21:37.600]
                TX: 
                68170003050605040302011067670501004000020000561f16
                
                帧名称: Frame_1
                行号: 1
            
            

            
                [2024-12-21 15:21:37.999]
                RX: 
                682100c305060504030201106b2385010040000200011c07e80c150f15250000da7516
            
            

            
                [2024-12-21 15:21:38.000]
                TX: 
                68170003050605040302011067670501004000020000561f16
                
                帧名称: Frame_2
                行号: 2
            
            

            
                [2024-12-21 15:21:38.400]
                RX: 
                682100c305060504030201106b2385010040000200011c07e80c150f15260000be9a16
            
            

            
                [2024-12-21 15:21:38.774]
                TX: 
                68170003050605040302011067670501004000020000561f16
                
                帧名称: Frame_1
                行号: 1
            
            

            
                [2024-12-21 15:21:39.103]
                RX: 
                682100c305060504030201106b2385010040000200011c07e80c150f15260000be9a16
            
            

            
                [2024-12-21 15:21:39.105]
                TX: 
                68170003050605040302011067670501004000020000561f16
                
                帧名称: Frame_2
                行号: 2
            
            

            
                [2024-12-21 15:21:39.505]
                RX: 
                682100c305060504030201106b2385010040000200011c07e80c150f1527000062c016
            
            

            
                [2024-12-21 15:21:39.782]
                TX: 
                68170003050605040302011067670501004000020000561f16
                
                帧名称: Frame_1
                行号: 1
            
            

            
                [2024-12-21 15:21:40.109]
                RX: 
                682100c305060504030201106b2385010040000200011c07e80c150f1527000062c016
            
            

            
                [2024-12-21 15:21:40.114]
                TX: 
                68170003050605040302011067670501004000020000561f16
                
                帧名称: Frame_2
                行号: 2
            
            

            
                [2024-12-21 15:21:40.511]
                RX: 
                682100c305060504030201106b2385010040000200011c07e80c150f15280000a58a16
            
            

            
                [2024-12-21 15:21:40.795]
                TX: 
                68170003050605040302011067670501004000020000561f16
                
                帧名称: Frame_1
                行号: 1
            
            

            
                [2024-12-21 15:21:41.115]
                RX: 
                682100c305060504030201106b2385010040000200011c07e80c150f15280000a58a16
            
            

            
                [2024-12-21 15:21:41.118]
                TX: 
                68170003050605040302011067670501004000020000561f16
                
                帧名称: Frame_2
                行号: 2
            
            

            
                [2024-12-21 15:21:41.515]
                RX: 
                682100c305060504030201106b2385010040000200011c07e80c150f1529000079d016
            
            

            
                [2024-12-21 15:21:41.869]
                TX: 
                68170003050605040302011067670501004000020000561f16
                
                帧名称: Frame_1
                行号: 1
            
            

            
                [2024-12-21 15:21:42.219]
                RX: 
                682100c305060504030201106b2385010040000200011c07e80c150f152a00001d3f16
            
            

            
                [2024-12-21 15:21:42.222]
                TX: 
                68170003050605040302011067670501004000020000561f16
                
                帧名称: Frame_2
                行号: 2
            
            

            
                [2024-12-21 15:21:42.620]
                RX: 
                682100c305060504030201106b2385010040000200011c07e80c150f152a00001d3f16
            
            
