✓ 日志文件已开启: 分布式_20241221_152412.log
[2024-12-21 15:24:16.508]
TX:
68170003050605040302011067670501004000020000561f16
帧名称: Frame_1
行号: 1
[2024-12-21 15:24:16.868]
RX:
682100c305060504030201106b2385010040000200011c07e80c150f18100000464116
[2024-12-21 15:24:16.870]
TX:
68170003050605040302011067670501004000020000561f16
帧名称: Frame_2
行号: 2
[2024-12-21 15:24:17.271]
RX:
682100c305060504030201106b2385010040000200011c07e80c150f181100009a1b16
[2024-12-21 15:24:18.023]
TX:
68170003050605040302011067670501004000020000561f16
帧名称: Frame_1
行号: 1
[2024-12-21 15:24:18.375]
RX:
682100c305060504030201106b2385010040000200011c07e80c150f18120000fef416
[2024-12-21 15:24:18.379]
TX:
68170003050605040302011067670501004000020000561f16
帧名称: Frame_2
行号: 2
[2024-12-21 15:24:18.777]
RX:
682100c305060504030201106b2385010040000200011c07e80c150f18120000fef416
[2024-12-21 15:24:18.837]
TX:
68170003050605040302011067670501004000020000561f16
帧名称: Frame_1
行号: 1
[2024-12-21 15:24:19.178]
RX:
682100c305060504030201106b2385010040000200011c07e80c150f1813000022ae16
[2024-12-21 15:24:19.179]
TX:
68170003050605040302011067670501004000020000561f16
帧名称: Frame_2
行号: 2
[2024-12-21 15:24:19.257]
TX:
68170003050605040302011067670501004000020000561f16
帧名称: Frame_1
行号: 1
[2024-12-21 15:24:19.513]
TX:
68170003050605040302011067670501004000020000561f16
帧名称: Frame_1
行号: 1
[2024-12-21 15:24:19.583]
RX:
682100c305060504030201106b2385010040000200011c07e80c150f1813000022ae16
[2024-12-21 15:24:19.586]
TX:
68170003050605040302011067670501004000020000561f16
帧名称: Frame_2
行号: 2
[2024-12-21 15:24:19.723]
TX:
68170003050605040302011067670501004000020000561f16
帧名称: Frame_1
行号: 1
[2024-12-21 15:24:19.911]
TX:
68170003050605040302011067670501004000020000561f16
帧名称: Frame_1
行号: 1
[2024-12-21 15:24:19.983]
RX:
682100c305060504030201106b2385010040000200011c07e80c150f1813000022ae16
[2024-12-21 15:24:19.985]
TX:
68170003050605040302011067670501004000020000561f16
帧名称: Frame_2
行号: 2
[2024-12-21 15:24:20.086]
TX:
68170003050605040302011067670501004000020000561f16
帧名称: Frame_1
行号: 1
[2024-12-21 15:24:20.183]
RX:
682100c305060504030201106b2385010040000200011c07e80c150f18140000272216
[2024-12-21 15:24:20.187]
TX:
68170003050605040302011067670501004000020000561f16
帧名称: Frame_2
行号: 2
[2024-12-21 15:24:20.246]
TX:
68170003050605040302011067670501004000020000561f16
帧名称: Frame_1
行号: 1
[2024-12-21 15:24:20.412]
TX:
68170003050605040302011067670501004000020000561f16
帧名称: Frame_1
行号: 1
[2024-12-21 15:24:20.487]
RX:
682100c305060504030201106b2385010040000200011c07e80c150f18140000272216
[2024-12-21 15:24:20.491]
TX:
68170003050605040302011067670501004000020000561f16
帧名称: Frame_2
行号: 2
[2024-12-21 15:24:20.584]
TX:
68170003050605040302011067670501004000020000561f16
帧名称: Frame_1
行号: 1
[2024-12-21 15:24:20.686]
RX:
682100c305060504030201106b2385010040000200011c07e80c150f18140000272216
[2024-12-21 15:24:20.688]
TX:
68170003050605040302011067670501004000020000561f16
帧名称: Frame_2
行号: 2
[2024-12-21 15:24:20.755]
TX:
68170003050605040302011067670501004000020000561f16
帧名称: Frame_1
行号: 1
[2024-12-21 15:24:20.929]
TX:
68170003050605040302011067670501004000020000561f16
帧名称: Frame_1
行号: 1
[2024-12-21 15:24:20.989]
RX:
682100c305060504030201106b2385010040000200011c07e80c150f18140000272216
[2024-12-21 15:24:20.991]
TX:
68170003050605040302011067670501004000020000561f16
帧名称: Frame_2
行号: 2
[2024-12-21 15:24:21.105]
TX:
68170003050605040302011067670501004000020000561f16
帧名称: Frame_1
行号: 1
[2024-12-21 15:24:21.191]
RX:
682100c305060504030201106b2385010040000200011c07e80c150f18140000272216
[2024-12-21 15:24:21.194]
TX:
68170003050605040302011067670501004000020000561f16
帧名称: Frame_2
行号: 2
[2024-12-21 15:24:21.281]
TX:
68170003050605040302011067670501004000020000561f16
帧名称: Frame_1
行号: 1
[2024-12-21 15:24:21.479]
TX:
68170003050605040302011067670501004000020000561f16
帧名称: Frame_1
行号: 1
[2024-12-21 15:24:21.645]
TX:
68170003050605040302011067670501004000020000561f16
帧名称: Frame_1
行号: 1
[2024-12-21 15:24:21.692]
RX:
682100c305060504030201106b2385010040000200011c07e80c150f18150000fb7816
[2024-12-21 15:24:21.693]
TX:
68170003050605040302011067670501004000020000561f16
帧名称: Frame_2
行号: 2
[2024-12-21 15:24:21.813]
TX:
68170003050605040302011067670501004000020000561f16
帧名称: Frame_1
行号: 1
[2024-12-21 15:24:21.892]
RX:
682100c305060504030201106b2385010040000200011c07e80c150f18150000fb7816
[2024-12-21 15:24:21.894]
TX:
68170003050605040302011067670501004000020000561f16
帧名称: Frame_2
行号: 2
[2024-12-21 15:24:22.008]
TX:
68170003050605040302011067670501004000020000561f16
帧名称: Frame_1
行号: 1
[2024-12-21 15:24:22.172]
TX:
68170003050605040302011067670501004000020000561f16
帧名称: Frame_1
行号: 1
[2024-12-21 15:24:22.295]
RX:
682100c305060504030201106b2385010040000200011c07e80c150f181600009f9716
[2024-12-21 15:24:22.297]
TX:
68170003050605040302011067670501004000020000561f16
帧名称: Frame_2
行号: 2
[2024-12-21 15:24:22.351]
TX:
68170003050605040302011067670501004000020000561f16
帧名称: Frame_1
行号: 1
[2024-12-21 15:24:22.496]
RX:
682100c305060504030201106b2385010040000200011c07e80c150f181600009f9716
[2024-12-21 15:24:22.497]
TX:
68170003050605040302011067670501004000020000561f16
帧名称: Frame_2
行号: 2
[2024-12-21 15:24:22.535]
TX:
68170003050605040302011067670501004000020000561f16
帧名称: Frame_1
行号: 1
[2024-12-21 15:24:22.711]
TX:
68170003050605040302011067670501004000020000561f16
帧名称: Frame_1
行号: 1
[2024-12-21 15:24:22.800]
RX:
682100c305060504030201106b2385010040000200011c07e80c150f181600009f9716
[2024-12-21 15:24:22.803]
TX:
68170003050605040302011067670501004000020000561f16
帧名称: Frame_2
行号: 2
[2024-12-21 15:24:22.883]
TX:
68170003050605040302011067670501004000020000561f16
帧名称: Frame_1
行号: 1
[2024-12-21 15:24:22.999]
RX:
682100c305060504030201106b2385010040000200011c07e80c150f181600009f9716
[2024-12-21 15:24:23.003]
TX:
68170003050605040302011067670501004000020000561f16
帧名称: Frame_2
行号: 2
[2024-12-21 15:24:23.059]
TX:
68170003050605040302011067670501004000020000561f16
帧名称: Frame_1
行号: 1
[2024-12-21 15:24:23.258]
TX:
68170003050605040302011067670501004000020000561f16
帧名称: Frame_1
行号: 1
[2024-12-21 15:24:23.302]
RX:
682100c305060504030201106b2385010040000200011c07e80c150f1817000043cd16
[2024-12-21 15:24:23.306]
TX:
68170003050605040302011067670501004000020000561f16
帧名称: Frame_2
行号: 2
[2024-12-21 15:24:23.431]
TX:
68170003050605040302011067670501004000020000561f16
帧名称: Frame_1
行号: 1
[2024-12-21 15:24:23.502]
RX:
682100c305060504030201106b2385010040000200011c07e80c150f1817000043cd16
[2024-12-21 15:24:23.505]
TX:
68170003050605040302011067670501004000020000561f16
帧名称: Frame_2
行号: 2
[2024-12-21 15:24:23.617]
TX:
68170003050605040302011067670501004000020000561f16
帧名称: Frame_1
行号: 1
[2024-12-21 15:24:23.704]
RX:
682100c305060504030201106b2385010040000200011c07e80c150f1817000043cd16
[2024-12-21 15:24:23.709]
TX:
68170003050605040302011067670501004000020000561f16
帧名称: Frame_2
行号: 2
[2024-12-21 15:24:23.836]
TX:
68170003050605040302011067670501004000020000561f16
帧名称: Frame_1
行号: 1
[2024-12-21 15:24:24.105]
RX:
682100c305060504030201106b2385010040000200011c07e80c150f1817000043cd16
[2024-12-21 15:24:24.108]
TX:
68170003050605040302011067670501004000020000561f16
帧名称: Frame_2
行号: 2
[2024-12-21 15:24:24.306]
RX:
682100c305060504030201106b2385010040000200011c07e80c150f18180000848716
[2024-12-21 15:24:24.507]
RX:
682100c305060504030201106b2385010040000200011c07e80c150f18180000848716
[2024-12-21 15:24:25.306]
TX:
68170003050605040302011067670501004000020000561f16
帧名称: Frame_1
行号: 1
[2024-12-21 15:24:25.713]
RX:
682100c305060504030201106b2385010040000200011c07e80c150f1819000058dd16
[2024-12-21 15:24:25.716]
TX:
68170003050605040302011067670501004000020000561f16
帧名称: Frame_2
行号: 2
[2024-12-21 15:24:26.115]
RX:
682100c305060504030201106b2385010040000200011c07e80c150f1819000058dd16
[2024-12-21 15:24:26.978]
TX:
68170003050605040302011067670501004000020000561f16
帧名称: Frame_1
行号: 1
[2024-12-21 15:24:27.319]
RX:
682100c305060504030201106b2385010040000200011c07e80c150f181b0000e06816
[2024-12-21 15:24:27.321]
TX:
68170003050605040302011067670501004000020000561f16
帧名称: Frame_2
行号: 2
[2024-12-21 15:24:27.721]
RX:
682100c305060504030201106b2385010040000200011c07e80c150f181b0000e06816
[2024-12-21 15:24:28.327]
TX:
68170003050605040302011067670501004000020000561f16
帧名称: Frame_1
行号: 1
[2024-12-21 15:24:28.725]
RX:
682100c305060504030201106b2385010040000200011c07e80c150f181c0000e5e416
[2024-12-21 15:24:28.727]
TX:
68170003050605040302011067670501004000020000561f16
帧名称: Frame_2
行号: 2
[2024-12-21 15:24:29.127]
RX:
682100c305060504030201106b2385010040000200011c07e80c150f181c0000e5e416
